# Changelog

## [2.0.0] - 2019-24-08
### Changed
- Fully moved from PHP to JS.

## [1.3.1] - 2019-09-02
### Added
- Added all proper links to subjects
- Added Microsoft Imagine link
- Theme selection (light/dark)

### Fixed/Changed
- Typos in links
- Re-structured code for improved readability

## [1.3.0] - 2019-04-02
### Changed
- Changed subjects and groups according to second semester

## [1.2.0] - 2018-25-11
### Added
- Dark Theme with tab (theme=dark)
- Added "Praktiline matemaatika" link

## [1.1.3] - 2018-23-10
### Added
- "Praktiline matemaatika"
- Links: Caupo link was missing, free Office 365 for education

## [1.1.2] - 2018-03-10
### Fixed/Changed
- Specified .more a:link class, therefor fixing unwanted generalization of a:link outside of the table

## [1.1.1] - 2018-03-10
### Added
- "Pro​gram​mee​ri​mi​se a​lu​sed" 3rd link (materjalid)
- "IFIKAS18.SLACK.COM or registreeri"
- 3 links "Lõputöö vormistamise juhend", "Madise EAP calc", "Caupo TLÜ Google Drive Shared" from http://caupo.ee/tlu/ (fetched 2018-03-10)

## [1.1.0] - 2018-09-19
### Added
- Sticker to the corner
- Sticker fade tranisition
- Changelog
- Query string parameters (tabs=1, tab=2, tab=3).
- Github basic commands for pushing (bottom of the page).

### Changed
- re-added viewport

### Removed
- Initial project name "roro".